2026-01-11 19:25:04,169 - INFO - Starting liftover process (simple version - no pre-normalization)
2026-01-11 19:25:04,170 - INFO - Log file: /data/sumstats_hg19tohg38.log
2026-01-11 19:25:04,172 - INFO - Using temporary directory: /tmp/liftover_sumstats_simple_q6jf9mry
2026-01-11 19:25:04,172 - INFO - Reading summary statistics from /data/sumstats_hg19tohg38.txt...
2026-01-11 19:25:04,173 - INFO - Cleaned up temporary directory: /tmp/liftover_sumstats_simple_q6jf9mry
2026-01-11 19:25:24,537 - INFO - Starting liftover process (simple version - no pre-normalization)
2026-01-11 19:25:24,537 - INFO - Log file: /data/sumstats_hg19tohg38.log
2026-01-11 19:25:24,539 - INFO - Using temporary directory: /tmp/liftover_sumstats_simple_kiz542wu
2026-01-11 19:25:24,540 - INFO - Reading summary statistics from /data/sumstats_hg19.txt...
2026-01-11 19:25:24,563 - INFO - Loaded 2200 variants
2026-01-11 19:25:24,575 - INFO - Added 'chr' prefix to 0 chromosomes
2026-01-11 19:25:24,578 - INFO - Kept 2200 variants on valid chromosomes
2026-01-11 19:25:24,592 - INFO - Sorted 2200 variants by chromosome and position
2026-01-11 19:25:24,592 - INFO - Writing VCF to /tmp/liftover_sumstats_simple_kiz542wu/input.vcf.gz...
2026-01-11 19:25:24,592 - INFO - Adding contig definitions for present chromosomes...
2026-01-11 19:25:24,601 - INFO - Writing 2200 variants...
2026-01-11 19:25:24,605 - INFO - Wrote 2200 variants to VCF
2026-01-11 19:25:24,605 - INFO - Compressing with bcftools...
2026-01-11 19:25:24,636 - INFO - Indexing /tmp/liftover_sumstats_simple_kiz542wu/input.vcf.gz...
2026-01-11 19:25:24,668 - INFO - Running bcftools +liftover...
2026-01-11 19:25:24,668 - INFO - Command: bcftools +liftover --no-version -Oz -o /tmp/liftover_sumstats_simple_kiz542wu/lifted.vcf.gz /tmp/liftover_sumstats_simple_kiz542wu/input.vcf.gz -- -s /refs/Genome/hg19.fa.gz -f /refs/Genome/hg38.fa.gz -c /refs/liftOver/hg19ToHg38.over.chain.gz --reject /tmp/liftover_sumstats_simple_kiz542wu/lifted.rejected.vcf.gz -O z
2026-01-11 19:25:25,604 - INFO - bcftools stderr: Lines   total/swapped/reference added/rejected:	2200/989/0/0

2026-01-11 19:25:25,604 - INFO - Sorting /tmp/liftover_sumstats_simple_kiz542wu/lifted.vcf.gz...
2026-01-11 19:25:25,638 - INFO - Indexing /tmp/liftover_sumstats_simple_kiz542wu/lifted.vcf.gz...
2026-01-11 19:25:25,669 - INFO - Indexing /tmp/liftover_sumstats_simple_kiz542wu/lifted.rejected.vcf.gz...
2026-01-11 19:25:25,691 - INFO - Liftover complete
2026-01-11 19:25:25,691 - INFO - Parsing lifted VCF...
2026-01-11 19:25:25,722 - INFO - Successfully lifted 2200 variants
2026-01-11 19:25:25,745 - INFO - Failed to lift 0 variants
2026-01-11 19:25:25,752 - INFO - Updating summary statistics...
2026-01-11 19:25:25,757 - INFO - Reading /data/sumstats_hg19.txt...
2026-01-11 19:25:25,900 - INFO - Writing lifted variants to /data/sumstats_hg19tohg38.txt...
2026-01-11 19:25:25,918 - INFO - Writing unmatched variants to /data/sumstats_hg19tohg38.unmatched.txt...
2026-01-11 19:25:25,924 - INFO - 
Summary:
2026-01-11 19:25:25,924 - INFO -   Total variants: 2200
2026-01-11 19:25:25,924 - INFO -   Successfully lifted: 2200
2026-01-11 19:25:25,924 - INFO -   Strand flipped: 2
2026-01-11 19:25:25,925 - INFO -   Allele swapped: 989
2026-01-11 19:25:25,925 - INFO -   Ambiguous (palindromic or alleles changed): 344
2026-01-11 19:25:25,925 - INFO -   Failed to lift: 0
2026-01-11 19:25:25,925 - INFO - 
Liftover complete!
2026-01-11 19:25:25,926 - INFO - Cleaned up temporary directory: /tmp/liftover_sumstats_simple_kiz542wu
